<?xml version="1.0" encoding="UTF-8"?>
<!-- Generated by org.testng.reporters.JUnitReportReporter -->
<testsuite skipped="0" hostname="DESKTOP-1R9E1U3" name="CRM.testpages.LoginpageTest" tests="3" failures="0" timestamp="19 Aug 2020 16:20:53 GMT" time="35.980" errors="0">
  <testcase name="loginpagetitletest" time="8.396" classname="CRM.testpages.LoginpageTest"/>
  <testcase name="loginpagelogo" time="9.027" classname="CRM.testpages.LoginpageTest"/>
  <testcase name="logintest" time="18.557" classname="CRM.testpages.LoginpageTest"/>
</testsuite> <!-- CRM.testpages.LoginpageTest -->
