<?xml version="1.0" encoding="UTF-8"?>
<!-- Generated by org.testng.reporters.JUnitReportReporter -->
<testsuite skipped="0" hostname="DESKTOP-1R9E1U3" name="CRM.testpages.LoginpageTest" tests="3" failures="0" timestamp="2020-08-19T12:34:47 EDT" time="33.949" errors="0">
  <testcase name="loginpagetitletest" time="7.502" classname="CRM.testpages.LoginpageTest"/>
  <system-out/>
  <testcase name="loginpagelogo" time="8.696" classname="CRM.testpages.LoginpageTest"/>
  <system-out/>
  <testcase name="logintest" time="17.751" classname="CRM.testpages.LoginpageTest"/>
  <system-out/>
</testsuite> <!-- CRM.testpages.LoginpageTest -->
