<?xml version="1.0" encoding="UTF-8"?>
<!-- Generated by org.testng.reporters.JUnitReportReporter -->
<testsuite skipped="0" hostname="DESKTOP-1R9E1U3" name="CRM.testpages.HomepageTest" tests="7" failures="0" timestamp="2020-08-19T12:34:47 EDT" time="128.429" errors="0">
  <testcase name="homepagetitletest" time="18.074" classname="CRM.testpages.HomepageTest"/>
  <system-out/>
  <testcase name="homepagelogotest" time="18.204" classname="CRM.testpages.HomepageTest"/>
  <system-out/>
  <testcase name="homepageuserlabeltest" time="17.640" classname="CRM.testpages.HomepageTest"/>
  <system-out/>
  <testcase name="clickCalendarlink" time="18.485" classname="CRM.testpages.HomepageTest"/>
  <system-out/>
  <testcase name="clickContactslink" time="19.052" classname="CRM.testpages.HomepageTest"/>
  <system-out/>
  <testcase name="clickCompanieslink" time="18.096" classname="CRM.testpages.HomepageTest"/>
  <system-out/>
  <testcase name="clickdealslink" time="18.878" classname="CRM.testpages.HomepageTest"/>
  <system-out/>
</testsuite> <!-- CRM.testpages.HomepageTest -->
